[Mon Aug 10 2015 23:53:01 GMT+0800 (CST)]/u/%E5%AE%8B%E5%AE%8B/2015-8-10/%E5%91%B5%E5%91%B5
undefined
[Thu Feb 04 2016 19:51:31 GMT+0800 (CST)]/u/aaa/2016-02-04/%E4%B9%88%E4%B9%88%E5%93%92
undefined
[Thu Feb 04 2016 19:51:51 GMT+0800 (CST)]/u/aaa/2016-02-04/%E4%B9%88%E4%B9%88%E5%93%92
undefined
[Thu Feb 25 2016 14:52:57 GMT+0800 (CST)]/login
undefined
[Thu Feb 25 2016 14:53:22 GMT+0800 (CST)]/login
undefined
[Thu Feb 25 2016 14:54:43 GMT+0800 (CST)]/login
undefined
[Thu Feb 25 2016 14:54:47 GMT+0800 (CST)]/login?name=%E5%91%B5%E5%91%B5&password=111111
undefined
[Thu Feb 25 2016 14:54:50 GMT+0800 (CST)]/login
undefined
[Thu Feb 25 2016 14:55:03 GMT+0800 (CST)]/login
undefined
[Thu Feb 25 2016 14:55:07 GMT+0800 (CST)]/login
undefined
[Thu Feb 25 2016 14:55:09 GMT+0800 (CST)]/login?name=%E5%91%B5%E5%91%B5&password=111111
undefined
[Thu Feb 25 2016 14:55:10 GMT+0800 (CST)]/login
undefined
[Thu Feb 25 2016 14:56:40 GMT+0800 (CST)]/login
undefined
[Thu Feb 25 2016 14:56:43 GMT+0800 (CST)]/login
undefined
[Thu Feb 25 2016 14:57:05 GMT+0800 (CST)]/login
undefined
[Thu Feb 25 2016 14:59:02 GMT+0800 (CST)]/login
undefined
[Thu Feb 25 2016 14:59:23 GMT+0800 (CST)]/login
undefined
[Thu Feb 25 2016 15:02:20 GMT+0800 (CST)]/login
undefined
[Thu Feb 25 2016 15:06:28 GMT+0800 (CST)]/login
undefined
[Thu Feb 25 2016 15:06:30 GMT+0800 (CST)]/login
undefined
[Thu Feb 25 2016 15:06:47 GMT+0800 (CST)]/login
undefined
[Thu Feb 25 2016 15:06:51 GMT+0800 (CST)]/login
undefined
[Thu Feb 25 2016 15:07:55 GMT+0800 (CST)]/login
undefined
[Thu Feb 25 2016 15:10:00 GMT+0800 (CST)]/login
undefined
[Thu Feb 25 2016 15:13:36 GMT+0800 (CST)]/login
undefined
[Thu Feb 25 2016 15:18:36 GMT+0800 (CST)]/login
undefined
[Thu Feb 25 2016 15:21:23 GMT+0800 (CST)]/login
undefined
[Thu Feb 25 2016 15:31:41 GMT+0800 (CST)]/login
undefined
[Thu Feb 25 2016 15:31:43 GMT+0800 (CST)]/login?name=Mrson&password=fuck
undefined
[Thu Feb 25 2016 15:31:44 GMT+0800 (CST)]/login?name=Mrson&password=fuck
undefined
[Thu Feb 25 2016 15:31:45 GMT+0800 (CST)]/login?name=&password=
undefined
[Thu Feb 25 2016 15:31:47 GMT+0800 (CST)]/login?name=Mrson&password=fuck
undefined
[Thu Feb 25 2016 15:31:52 GMT+0800 (CST)]/login?name=Mrson&password=fuck
undefined
[Thu Feb 25 2016 15:31:56 GMT+0800 (CST)]/login?name=Mrson&password=fuck
undefined
[Thu Feb 25 2016 15:33:58 GMT+0800 (CST)]/login?name=Mrson&password=fuck
undefined
[Thu Feb 25 2016 15:34:02 GMT+0800 (CST)]/login?name=Mrson&password=fuck
undefined
[Thu Feb 25 2016 15:34:20 GMT+0800 (CST)]/login?name=Mrson&password=fuck
undefined
[Thu Feb 25 2016 15:34:37 GMT+0800 (CST)]/login?name=Mrson&password=fuck
undefined
[Thu Feb 25 2016 15:34:40 GMT+0800 (CST)]/login?name=Mrson&password=fuck
undefined
[Thu Feb 25 2016 15:35:03 GMT+0800 (CST)]/login?name=Mrson&password=fuck
undefined
[Thu Feb 25 2016 15:35:03 GMT+0800 (CST)]/login?name=Mrson&password=fuck
undefined
[Thu Feb 25 2016 15:35:33 GMT+0800 (CST)]/login
undefined
[Thu Feb 25 2016 15:35:38 GMT+0800 (CST)]/login
undefined
[Thu Feb 25 2016 15:35:48 GMT+0800 (CST)]/login
undefined
[Thu Feb 25 2016 20:33:07 GMT+0800 (CST)]/login
undefined
[Thu Feb 25 2016 20:34:23 GMT+0800 (CST)]/login
undefined
[Thu Feb 25 2016 20:34:26 GMT+0800 (CST)]/login
undefined
[Thu Feb 25 2016 20:35:13 GMT+0800 (CST)]/login
undefined
[Thu Feb 25 2016 20:35:15 GMT+0800 (CST)]/login
undefined
[Thu Feb 25 2016 20:35:28 GMT+0800 (CST)]/login
undefined
[Thu Feb 25 2016 20:35:28 GMT+0800 (CST)]/login
undefined
[Thu Feb 25 2016 20:35:29 GMT+0800 (CST)]/login
undefined
[Thu Feb 25 2016 20:35:29 GMT+0800 (CST)]/login
undefined
[Thu Feb 25 2016 20:36:20 GMT+0800 (CST)]/login
undefined
[Thu Feb 25 2016 20:36:26 GMT+0800 (CST)]/login
undefined
[Thu Feb 25 2016 20:36:31 GMT+0800 (CST)]/login
undefined
[Thu Feb 25 2016 20:36:41 GMT+0800 (CST)]/login
undefined
[Thu Feb 25 2016 20:38:37 GMT+0800 (CST)]/login
undefined
[Thu Feb 25 2016 20:38:45 GMT+0800 (CST)]/login
undefined
[Thu Feb 25 2016 20:38:47 GMT+0800 (CST)]/login
undefined
[Thu Feb 25 2016 20:39:25 GMT+0800 (CST)]/login
undefined
[Thu Feb 25 2016 20:39:56 GMT+0800 (CST)]/login
undefined
[Thu Feb 25 2016 20:40:00 GMT+0800 (CST)]/login
undefined
[Thu Feb 25 2016 20:40:02 GMT+0800 (CST)]/login
undefined
[Thu Feb 25 2016 20:40:29 GMT+0800 (CST)]/login
undefined
[Thu Feb 25 2016 20:41:09 GMT+0800 (CST)]/login
undefined
[Thu Feb 25 2016 20:41:31 GMT+0800 (CST)]/login
undefined
[Thu Feb 25 2016 20:45:55 GMT+0800 (CST)]/login
undefined
[Thu Feb 25 2016 20:48:49 GMT+0800 (CST)]/login
undefined
[Thu Feb 25 2016 20:50:44 GMT+0800 (CST)]/login
undefined
[Thu Feb 25 2016 21:15:34 GMT+0800 (CST)]/reg
undefined
[Thu Feb 25 2016 22:19:10 GMT+0800 (CST)]/register
undefined
[Thu Feb 25 2016 22:19:27 GMT+0800 (CST)]/register
undefined
[Thu Feb 25 2016 22:19:28 GMT+0800 (CST)]/register
undefined
[Thu Feb 25 2016 22:19:28 GMT+0800 (CST)]/register
undefined
[Thu Feb 25 2016 22:19:28 GMT+0800 (CST)]/register
undefined
[Thu Feb 25 2016 22:19:53 GMT+0800 (CST)]/register
undefined
[Thu Feb 25 2016 22:20:37 GMT+0800 (CST)]/register
undefined
[Thu Feb 25 2016 22:20:47 GMT+0800 (CST)]/register
undefined
[Thu Feb 25 2016 22:20:47 GMT+0800 (CST)]/register
undefined
[Thu Feb 25 2016 22:20:48 GMT+0800 (CST)]/register
undefined
[Thu Feb 25 2016 22:20:48 GMT+0800 (CST)]/register
undefined
[Fri Feb 26 2016 15:46:56 GMT+0800 (CST)]/reg
undefined
[Fri Feb 26 2016 16:14:48 GMT+0800 (CST)]/login
undefined
[Fri Feb 26 2016 16:14:50 GMT+0800 (CST)]/login
undefined
[Fri Feb 26 2016 16:21:56 GMT+0800 (CST)]/login
undefined
[Fri Feb 26 2016 16:21:58 GMT+0800 (CST)]/login
undefined
[Fri Feb 26 2016 16:21:59 GMT+0800 (CST)]/login
undefined
[Fri Feb 26 2016 17:47:49 GMT+0800 (CST)]/checkLogin
undefined
[Fri Feb 26 2016 17:49:01 GMT+0800 (CST)]/checkLogin
undefined
[Fri Feb 26 2016 17:51:34 GMT+0800 (CST)]/checkLogin
undefined
[Fri Feb 26 2016 17:54:00 GMT+0800 (CST)]/checkLogin
undefined
[Fri Feb 26 2016 17:56:25 GMT+0800 (CST)]/checkLogin
undefined
[Fri Feb 26 2016 17:57:40 GMT+0800 (CST)]/checkLogin
undefined
[Fri Feb 26 2016 18:02:43 GMT+0800 (CST)]/checkLogin
undefined
[Fri Feb 26 2016 18:03:41 GMT+0800 (CST)]/checkLogin
undefined
[Fri Feb 26 2016 18:04:01 GMT+0800 (CST)]/checkLogin
undefined
[Sat Feb 27 2016 11:51:03 GMT+0800 (CST)]/checkLogin
undefined
[Sat Feb 27 2016 12:00:32 GMT+0800 (CST)]/checkLogin
undefined
[Sat Feb 27 2016 12:00:43 GMT+0800 (CST)]/checkLogin
undefined
[Sat Feb 27 2016 12:01:26 GMT+0800 (CST)]/checkLogin
undefined
[Sat Feb 27 2016 12:04:39 GMT+0800 (CST)]/checkLogin
undefined
[Sat Feb 27 2016 12:08:20 GMT+0800 (CST)]/checkLogin
undefined
[Sat Feb 27 2016 12:08:57 GMT+0800 (CST)]/checkLogin
undefined
[Sat Feb 27 2016 12:09:43 GMT+0800 (CST)]/checkLogin
undefined
[Sat Feb 27 2016 12:10:09 GMT+0800 (CST)]/checkLogin
undefined
[Sat Feb 27 2016 12:12:55 GMT+0800 (CST)]/checkLogin
undefined
[Sat Feb 27 2016 12:13:24 GMT+0800 (CST)]/checkLogin
undefined
[Sat Feb 27 2016 12:13:25 GMT+0800 (CST)]/checkLogin
undefined
[Sat Feb 27 2016 12:13:48 GMT+0800 (CST)]/checkLogin
undefined
[Sat Feb 27 2016 12:14:42 GMT+0800 (CST)]/checkLogin
undefined
[Sat Feb 27 2016 12:15:04 GMT+0800 (CST)]/checkLogin
undefined
[Sat Feb 27 2016 12:15:57 GMT+0800 (CST)]/checkLogin
undefined
[Sat Feb 27 2016 12:16:08 GMT+0800 (CST)]/checkLogin
undefined
[Sat Feb 27 2016 12:16:30 GMT+0800 (CST)]/checkLogin
undefined
[Sat Feb 27 2016 12:17:09 GMT+0800 (CST)]/checkLogin
undefined
[Sat Feb 27 2016 12:17:25 GMT+0800 (CST)]/checkLogin
undefined
[Sat Feb 27 2016 12:17:41 GMT+0800 (CST)]/checkLogin
undefined
[Sat Feb 27 2016 12:17:46 GMT+0800 (CST)]/checkLogin
undefined
[Sat Feb 27 2016 12:18:11 GMT+0800 (CST)]/checkLogin
undefined
[Sat Feb 27 2016 12:18:13 GMT+0800 (CST)]/checkLogin
undefined
[Sat Feb 27 2016 12:18:56 GMT+0800 (CST)]/checkLogin
undefined
[Sat Feb 27 2016 12:19:23 GMT+0800 (CST)]/checkLogin
undefined
[Sat Feb 27 2016 12:19:50 GMT+0800 (CST)]/checkLogin
undefined
[Sat Feb 27 2016 12:21:23 GMT+0800 (CST)]/checkLogin
undefined
[Sat Feb 27 2016 12:22:59 GMT+0800 (CST)]/checkLogin
undefined
[Sat Feb 27 2016 12:23:05 GMT+0800 (CST)]/checkLogin
undefined
[Sat Feb 27 2016 12:23:24 GMT+0800 (CST)]/checkLogin
undefined
[Sat Feb 27 2016 12:25:13 GMT+0800 (CST)]/checkLogin
undefined
[Sat Feb 27 2016 12:44:43 GMT+0800 (CST)]/checkLogin
undefined
[Sat Feb 27 2016 12:45:29 GMT+0800 (CST)]/checkLogin
undefined
[Sat Feb 27 2016 12:48:45 GMT+0800 (CST)]/checkLogin
undefined
[Sat Feb 27 2016 12:48:49 GMT+0800 (CST)]/checkLogin
undefined
[Sat Feb 27 2016 12:49:02 GMT+0800 (CST)]/checkLogin
undefined
[Sat Feb 27 2016 12:50:44 GMT+0800 (CST)]/checkLogin
undefined
[Sat Feb 27 2016 12:51:02 GMT+0800 (CST)]/checkLogin
undefined
[Sat Feb 27 2016 12:51:14 GMT+0800 (CST)]/checkLogin
undefined
[Sat Feb 27 2016 12:56:36 GMT+0800 (CST)]/checkLogin
undefined
[Sat Feb 27 2016 12:57:26 GMT+0800 (CST)]/checkLogin
undefined
[Sun Feb 28 2016 20:53:28 GMT+0800 (CST)]/checkLogin
undefined
[Sun Feb 28 2016 21:01:28 GMT+0800 (CST)]/checkLogin
undefined
[Sun Feb 28 2016 21:04:47 GMT+0800 (CST)]/checkLogin
undefined
[Sun Feb 28 2016 21:42:03 GMT+0800 (CST)]/checkLogin
undefined
[Mon Feb 29 2016 13:34:59 GMT+0800 (CST)]/checkLogin
undefined
[Mon Feb 29 2016 13:39:28 GMT+0800 (CST)]/checkLogin
undefined
[Mon Feb 29 2016 13:40:47 GMT+0800 (CST)]/checkLogin
undefined
[Mon Feb 29 2016 13:41:59 GMT+0800 (CST)]/checkLogin
undefined
[Mon Feb 29 2016 13:42:58 GMT+0800 (CST)]/checkLogin
undefined
[Mon Feb 29 2016 13:46:08 GMT+0800 (CST)]/checkLogin
undefined
[Mon Feb 29 2016 13:53:44 GMT+0800 (CST)]/checkLogin
undefined
[Mon Feb 29 2016 13:54:07 GMT+0800 (CST)]/checkLogin
undefined
[Mon Feb 29 2016 13:55:23 GMT+0800 (CST)]/checkLogin
undefined
[Mon Feb 29 2016 13:56:34 GMT+0800 (CST)]/checkLogin
undefined
[Mon Feb 29 2016 13:58:46 GMT+0800 (CST)]/checkLogin
undefined
[Mon Feb 29 2016 13:58:49 GMT+0800 (CST)]/checkLogin
undefined
[Mon Feb 29 2016 13:59:07 GMT+0800 (CST)]/checkLogin
undefined
[Mon Feb 29 2016 14:04:14 GMT+0800 (CST)]/checkLogin
undefined
[Mon Feb 29 2016 14:25:19 GMT+0800 (CST)]/checkLogin
undefined
[Mon Feb 29 2016 14:36:01 GMT+0800 (CST)]/checkLogin
undefined
[Mon Feb 29 2016 14:44:47 GMT+0800 (CST)]/checkLogin
undefined
[Mon Feb 29 2016 14:45:33 GMT+0800 (CST)]/checkLogin
undefined
[Mon Feb 29 2016 14:46:16 GMT+0800 (CST)]/checkLogin
undefined
[Mon Feb 29 2016 14:49:37 GMT+0800 (CST)]/checkLogin
undefined
[Mon Feb 29 2016 14:50:43 GMT+0800 (CST)]/checkLogin
undefined
[Mon Feb 29 2016 14:52:06 GMT+0800 (CST)]/checkLogin
undefined
[Mon Feb 29 2016 14:52:32 GMT+0800 (CST)]/checkLogin
undefined
[Mon Feb 29 2016 14:53:03 GMT+0800 (CST)]/checkLogin
undefined
[Mon Feb 29 2016 14:54:41 GMT+0800 (CST)]/checkLogin
undefined
[Mon Feb 29 2016 14:55:54 GMT+0800 (CST)]/checkLogin
undefined
[Mon Feb 29 2016 14:56:24 GMT+0800 (CST)]/checkLogin
undefined
[Mon Feb 29 2016 14:56:39 GMT+0800 (CST)]/checkLogin
undefined
[Mon Feb 29 2016 14:59:49 GMT+0800 (CST)]/checkLogin
undefined
[Mon Feb 29 2016 15:00:29 GMT+0800 (CST)]/checkLogin
undefined
[Mon Feb 29 2016 15:01:35 GMT+0800 (CST)]/checkLogin
undefined
[Mon Feb 29 2016 15:02:22 GMT+0800 (CST)]/checkLogin
undefined
[Mon Feb 29 2016 15:03:06 GMT+0800 (CST)]/checkLogin
undefined
[Mon Feb 29 2016 15:03:16 GMT+0800 (CST)]/checkLogin
undefined
[Mon Feb 29 2016 15:04:19 GMT+0800 (CST)]/checkLogin
undefined
[Mon Feb 29 2016 15:04:46 GMT+0800 (CST)]/checkLogin
undefined
[Mon Feb 29 2016 15:05:15 GMT+0800 (CST)]/checkLogin
undefined
[Mon Feb 29 2016 15:05:30 GMT+0800 (CST)]/checkLogin
undefined
[Mon Feb 29 2016 15:06:09 GMT+0800 (CST)]/checkLogin
undefined
[Mon Feb 29 2016 15:06:24 GMT+0800 (CST)]/checkLogin
undefined
[Mon Feb 29 2016 15:07:03 GMT+0800 (CST)]/checkLogin
undefined
[Mon Feb 29 2016 15:07:12 GMT+0800 (CST)]/checkLogin
undefined
[Mon Feb 29 2016 15:07:17 GMT+0800 (CST)]/checkLogin
undefined
[Mon Feb 29 2016 15:21:14 GMT+0800 (CST)]/checkLogin
undefined
[Mon Feb 29 2016 15:22:35 GMT+0800 (CST)]/checkLogin
undefined
[Mon Feb 29 2016 15:22:35 GMT+0800 (CST)]/checkLogin
undefined
[Mon Feb 29 2016 15:23:22 GMT+0800 (CST)]/checkLogin
undefined
[Mon Feb 29 2016 15:29:22 GMT+0800 (CST)]/checkLogin
undefined
[Mon Feb 29 2016 15:29:25 GMT+0800 (CST)]/checkLogin
undefined
[Mon Feb 29 2016 15:29:41 GMT+0800 (CST)]/checkLogin
undefined
[Mon Feb 29 2016 15:29:57 GMT+0800 (CST)]/checkLogin
undefined
[Mon Feb 29 2016 15:30:18 GMT+0800 (CST)]/checkLogin
undefined
[Mon Feb 29 2016 15:30:57 GMT+0800 (CST)]/checkLogin
undefined
[Mon Feb 29 2016 15:31:38 GMT+0800 (CST)]/checkLogin
undefined
[Mon Feb 29 2016 15:33:23 GMT+0800 (CST)]/checkLogin
undefined
[Mon Feb 29 2016 15:37:05 GMT+0800 (CST)]/checkLogin
undefined
[Mon Feb 29 2016 15:38:34 GMT+0800 (CST)]/checkLogin
undefined
[Mon Feb 29 2016 15:41:28 GMT+0800 (CST)]/checkLogin
undefined
[Mon Feb 29 2016 15:42:35 GMT+0800 (CST)]/checkLogin
undefined
[Mon Feb 29 2016 15:46:44 GMT+0800 (CST)]/checkLogin
undefined
[Mon Feb 29 2016 15:48:02 GMT+0800 (CST)]/checkLogin
undefined
[Mon Feb 29 2016 15:52:07 GMT+0800 (CST)]/checkLogin
undefined
[Mon Feb 29 2016 15:53:16 GMT+0800 (CST)]/checkLogin
undefined
[Mon Feb 29 2016 15:57:17 GMT+0800 (CST)]/checkLogin
undefined
[Mon Feb 29 2016 15:57:42 GMT+0800 (CST)]/checkLogin
undefined
[Mon Feb 29 2016 15:57:52 GMT+0800 (CST)]/checkLogin
undefined
[Mon Feb 29 2016 16:07:48 GMT+0800 (CST)]/checkLogin
undefined
[Mon Feb 29 2016 16:07:51 GMT+0800 (CST)]/checkLogin
undefined
[Mon Feb 29 2016 16:08:22 GMT+0800 (CST)]/checkLogin
undefined
[Mon Feb 29 2016 16:08:25 GMT+0800 (CST)]/checkLogin
undefined
[Mon Feb 29 2016 16:08:33 GMT+0800 (CST)]/checkLogin
undefined
[Mon Feb 29 2016 16:08:55 GMT+0800 (CST)]/checkLogin
undefined
[Mon Feb 29 2016 16:08:58 GMT+0800 (CST)]/checkLogin
undefined
[Mon Feb 29 2016 16:09:45 GMT+0800 (CST)]/checkLogin
undefined
[Mon Feb 29 2016 16:10:20 GMT+0800 (CST)]/checkLogin
undefined
[Mon Feb 29 2016 16:29:12 GMT+0800 (CST)]/checkLogin
undefined
[Mon Feb 29 2016 16:29:25 GMT+0800 (CST)]/checkLogin
undefined
[Mon Feb 29 2016 16:31:41 GMT+0800 (CST)]/checkLogin
undefined
[Mon Feb 29 2016 16:32:38 GMT+0800 (CST)]/checkLogin
undefined
[Mon Feb 29 2016 16:38:13 GMT+0800 (CST)]/checkLogin
undefined
[Mon Feb 29 2016 16:39:28 GMT+0800 (CST)]/checkLogin
undefined
[Mon Feb 29 2016 16:42:54 GMT+0800 (CST)]/checkLogin
undefined
[Mon Feb 29 2016 16:43:00 GMT+0800 (CST)]/checkLogin
undefined
[Mon Feb 29 2016 16:44:03 GMT+0800 (CST)]/checkLogin
undefined
[Mon Feb 29 2016 16:44:20 GMT+0800 (CST)]/checkLogin
undefined
[Mon Feb 29 2016 16:44:54 GMT+0800 (CST)]/checkLogin
undefined
[Mon Feb 29 2016 16:47:05 GMT+0800 (CST)]/checkLogin
undefined
[Mon Feb 29 2016 16:47:39 GMT+0800 (CST)]/checkLogin
undefined
[Mon Feb 29 2016 16:56:15 GMT+0800 (CST)]/checkLogin
undefined
[Mon Feb 29 2016 16:56:50 GMT+0800 (CST)]/checkLogin
undefined
[Mon Feb 29 2016 16:57:13 GMT+0800 (CST)]/checkLogin
undefined
[Mon Feb 29 2016 16:57:40 GMT+0800 (CST)]/checkLogin
undefined
[Mon Feb 29 2016 16:58:12 GMT+0800 (CST)]/checkLogin
undefined
[Mon Feb 29 2016 16:58:55 GMT+0800 (CST)]/checkLogin
undefined
[Mon Feb 29 2016 16:59:10 GMT+0800 (CST)]/checkLogin
undefined
[Mon Feb 29 2016 17:07:46 GMT+0800 (CST)]/checkLogin
undefined
[Mon Feb 29 2016 17:09:09 GMT+0800 (CST)]/checkLogin
undefined
[Mon Feb 29 2016 17:11:24 GMT+0800 (CST)]/checkLogin
undefined
[Mon Feb 29 2016 17:11:53 GMT+0800 (CST)]/checkLogin
undefined
[Mon Feb 29 2016 17:12:28 GMT+0800 (CST)]/checkLogin
undefined
[Mon Feb 29 2016 17:12:46 GMT+0800 (CST)]/checkLogin
undefined
[Mon Feb 29 2016 17:13:39 GMT+0800 (CST)]/checkLogin
undefined
[Mon Feb 29 2016 17:13:57 GMT+0800 (CST)]/checkLogin
undefined
[Mon Feb 29 2016 17:14:28 GMT+0800 (CST)]/checkLogin
undefined
[Mon Feb 29 2016 17:14:43 GMT+0800 (CST)]/checkLogin
undefined
[Mon Feb 29 2016 17:19:57 GMT+0800 (CST)]/checkLogin
undefined
[Mon Feb 29 2016 17:20:01 GMT+0800 (CST)]/checkLogin
undefined
[Mon Feb 29 2016 17:20:23 GMT+0800 (CST)]/checkLogin
undefined
[Mon Feb 29 2016 17:24:32 GMT+0800 (CST)]/checkLogin
undefined
[Mon Feb 29 2016 21:16:00 GMT+0800 (CST)]/checkLogin
undefined
[Mon Feb 29 2016 21:17:12 GMT+0800 (CST)]/checkLogin
undefined
